\BOOKMARK [1][-]{section.1}{\376\377\000I\000n\000t\000r\000o\000d\000u\000c\000t\000i\000o\000n}{}% 1
\BOOKMARK [1][-]{section.2}{\376\377\000T\000h\000e\000o\000r\000e\000t\000i\000c\000a\000l\000\040\000B\000a\000c\000k\000g\000r\000o\000u\000n\000d}{}% 2
\BOOKMARK [2][-]{subsection.2.1}{\376\377\000T\000h\000e\000\040\000L\000o\000g\000A\000V\000\040\000M\000e\000t\000h\000o\000d}{section.2}% 3
\BOOKMARK [2][-]{subsection.2.2}{\376\377\000P\000o\000p\000u\000l\000a\000t\000i\000o\000n\000\040\000s\000t\000r\000u\000c\000t\000u\000r\000e\000\040\000d\000e\000s\000c\000r\000i\000p\000t\000i\000o\000n}{section.2}% 4
\BOOKMARK [2][-]{subsection.2.3}{\376\377\000C\000o\000a\000n\000c\000e\000s\000t\000r\000y\000\040\000E\000s\000t\000i\000m\000a\000t\000i\000o\000n}{section.2}% 5
\BOOKMARK [3][-]{subsubsection.2.3.1}{\376\377\000P\000o\000p\000u\000l\000a\000t\000i\000o\000n\000\040\000C\000o\000a\000n\000c\000e\000s\000t\000r\000y\000\040\000M\000a\000t\000r\000i\000x\000\040\000\050\000p\000\051}{subsection.2.3}% 6
\BOOKMARK [3][-]{subsubsection.2.3.2}{\376\377\000I\000n\000d\000i\000v\000i\000d\000u\000a\000l\000\040\000C\000o\000a\000n\000c\000e\000s\000t\000r\000y\000\040\000M\000a\000t\000r\000i\000x\000\040\000\050\000M\000\051}{subsection.2.3}% 7
\BOOKMARK [3][-]{subsubsection.2.3.3}{\376\377\000R\000e\000l\000a\000t\000e\000d\000n\000e\000s\000s\000\040\000A\000d\000j\000u\000s\000t\000m\000e\000n\000t}{subsection.2.3}% 8
\BOOKMARK [2][-]{subsection.2.4}{\376\377\000M\000i\000x\000e\000d\000\040\000E\000f\000f\000e\000c\000t\000s\000\040\000M\000o\000d\000e\000l}{section.2}% 9
\BOOKMARK [1][-]{section.3}{\376\377\000I\000n\000s\000t\000a\000l\000l\000a\000t\000i\000o\000n\000\040\000a\000n\000d\000\040\000S\000e\000t\000u\000p}{}% 10
\BOOKMARK [1][-]{section.4}{\376\377\000D\000a\000t\000a\000\040\000R\000e\000q\000u\000i\000r\000e\000m\000e\000n\000t\000s}{}% 11
\BOOKMARK [2][-]{subsection.4.1}{\376\377\000D\000a\000t\000a\000\040\000F\000o\000r\000m\000a\000t}{section.4}% 12
\BOOKMARK [1][-]{section.5}{\376\377\000G\000e\000n\000e\000r\000a\000l\000\040\000s\000t\000e\000p\000-\000b\000y\000-\000s\000t\000e\000p}{}% 13
\BOOKMARK [2][-]{subsection.5.1}{\376\377\000S\000t\000e\000p\000\040\0001\000:\000\040\000P\000r\000e\000p\000a\000r\000e\000\040\000Y\000o\000u\000r\000\040\000D\000a\000t\000a}{section.5}% 14
\BOOKMARK [2][-]{subsection.5.2}{\376\377\000S\000t\000e\000p\000\040\0002\000:\000\040\000C\000a\000l\000c\000u\000l\000a\000t\000e\000\040\000C\000o\000a\000n\000c\000e\000s\000t\000r\000i\000e\000s}{section.5}% 15
\BOOKMARK [2][-]{subsection.5.3}{\376\377\000S\000t\000e\000p\000\040\0003\000:\000\040\000R\000u\000n\000\040\000L\000o\000g\000A\000V\000\040\000A\000n\000a\000l\000y\000s\000i\000s}{section.5}% 16
\BOOKMARK [2][-]{subsection.5.4}{\376\377\000S\000t\000e\000p\000\040\0004\000:\000\040\000I\000n\000t\000e\000r\000p\000r\000e\000t\000\040\000R\000e\000s\000u\000l\000t\000s}{section.5}% 17
\BOOKMARK [1][-]{section.6}{\376\377\000T\000u\000t\000o\000r\000i\000a\000l\000:\000\040\0001\0008\000\040\000p\000o\000p\000u\000l\000a\000t\000i\000o\000n\000\040\000S\000t\000e\000p\000p\000i\000n\000g\000\040\000s\000t\000o\000n\000e\000s}{}% 18
\BOOKMARK [2][-]{subsection.6.1}{\376\377\000Q\000u\000i\000c\000k\000\040\000d\000e\000s\000c\000r\000i\000p\000t\000i\000o\000n\000\040\000o\000f\000\040\000o\000u\000r\000\040\000e\000x\000a\000m\000p\000l\000e}{section.6}% 19
\BOOKMARK [2][-]{subsection.6.2}{\376\377\000S\000t\000e\000p\000\040\0001\000:\000\040\000G\000e\000t\000t\000i\000n\000g\000\040\000t\000h\000e\000\040\000g\000e\000n\000e\000t\000i\000c\000\040\000d\000a\000t\000a\000\040\000t\000o\000\040\000d\000o\000s\000a\000g\000e\000s}{section.6}% 20
\BOOKMARK [2][-]{subsection.6.3}{\376\377\000S\000t\000e\000p\000\040\0002\000:\000\040\000L\000o\000a\000d\000i\000n\000g\000\040\000t\000r\000a\000i\000t\000\040\000d\000a\000t\000a\000\040\000a\000n\000d\000\040\000p\000o\000p\000u\000l\000a\000t\000i\000o\000n\000\040\000i\000d\000e\000n\000t\000i\000f\000i\000c\000a\000t\000i\000o\000n}{section.6}% 21
\BOOKMARK [2][-]{subsection.6.4}{\376\377\000S\000t\000e\000p\000\040\0003\000:\000\040\000C\000a\000l\000c\000u\000l\000a\000t\000i\000n\000g\000\040\000c\000o\000a\000n\000c\000e\000s\000t\000r\000i\000e\000s}{section.6}% 22
\BOOKMARK [2][-]{subsection.6.5}{\376\377\000S\000t\000e\000p\000\040\0004\000:\000\040\000V\000i\000s\000u\000a\000l\000i\000z\000i\000n\000g\000\040\000c\000o\000a\000n\000c\000e\000s\000t\000r\000i\000e\000s}{section.6}% 23
\BOOKMARK [2][-]{subsection.6.6}{\376\377\000R\000u\000n\000n\000i\000n\000g\000\040\000l\000a\000v\000a\000\050\000\051}{section.6}% 24
\BOOKMARK [2][-]{subsection.6.7}{\376\377\000A\000d\000v\000a\000n\000c\000e\000d\000\040\000u\000s\000a\000g\000e\000\040\000f\000o\000r\000\040\000p\000o\000s\000t\000e\000r\000i\000o\000r\000\040\000d\000i\000s\000t\000r\000i\000b\000u\000t\000i\000o\000n}{section.6}% 25
\BOOKMARK [1][-]{section.7}{\376\377\000I\000n\000t\000e\000r\000p\000r\000e\000t\000i\000n\000g\000\040\000r\000e\000s\000u\000l\000t\000s}{}% 26
\BOOKMARK [2][-]{subsection.7.1}{\376\377\000U\000n\000d\000e\000r\000s\000t\000a\000n\000d\000i\000n\000g\000\040\000t\000h\000e\000\040\000L\000o\000g\000\040\000R\000a\000t\000i\000o}{section.7}% 27
\BOOKMARK [1][-]{section.8}{\376\377\000P\000a\000r\000a\000m\000e\000t\000e\000r\000\040\000d\000e\000s\000c\000r\000i\000p\000t\000i\000o\000n}{}% 28
\BOOKMARK [2][-]{subsection.8.1}{\376\377\000c\000a\000l\000c\000u\000l\000a\000t\000e\000\137\000c\000o\000a\000n\000c\000e\000s\000t\000r\000i\000e\000s}{section.8}% 29
\BOOKMARK [2][-]{subsection.8.2}{\376\377\000l\000a\000v\000a}{section.8}% 30
\BOOKMARK [1][-]{section.9}{\376\377\000F\000u\000r\000t\000h\000e\000r\000\040\000U\000s\000a\000g\000e}{}% 31
\BOOKMARK [2][-]{subsection.9.1}{\376\377\000U\000s\000i\000n\000g\000\040\000P\000e\000d\000i\000g\000r\000e\000e\000\040\000I\000n\000f\000o\000r\000m\000a\000t\000i\000o\000n}{section.9}% 32
\BOOKMARK [2][-]{subsection.9.2}{\376\377\000M\000u\000l\000t\000i\000p\000l\000e\000\040\000T\000r\000a\000i\000t\000s\000\040\000A\000n\000a\000l\000y\000s\000i\000s}{section.9}% 33
\BOOKMARK [1][-]{section.10}{\376\377\000T\000r\000o\000u\000b\000l\000e\000s\000h\000o\000o\000t\000i\000n\000g}{}% 34
\BOOKMARK [2][-]{subsection.10.1}{\376\377\000C\000o\000m\000m\000o\000n\000\040\000I\000s\000s\000u\000e\000s}{section.10}% 35
\BOOKMARK [3][-]{subsubsection.10.1.1}{\376\377\000M\000a\000t\000r\000i\000x\000\040\000N\000o\000t\000\040\000P\000o\000s\000i\000t\000i\000v\000e\000\040\000D\000e\000f\000i\000n\000i\000t\000e}{subsection.10.1}% 36
\BOOKMARK [3][-]{subsubsection.10.1.2}{\376\377\000P\000o\000p\000u\000l\000a\000t\000i\000o\000n\000\040\000M\000i\000s\000m\000a\000t\000c\000h\000\040\000W\000a\000r\000n\000i\000n\000g\000s}{subsection.10.1}% 37
\BOOKMARK [3][-]{subsubsection.10.1.3}{\376\377\000C\000o\000n\000v\000e\000r\000g\000e\000n\000c\000e\000\040\000I\000s\000s\000u\000e\000s}{subsection.10.1}% 38
\BOOKMARK [1][-]{section.11}{\376\377\000B\000e\000s\000t\000\040\000P\000r\000a\000c\000t\000i\000c\000e\000s}{}% 39
\BOOKMARK [2][-]{subsection.11.1}{\376\377\000E\000x\000p\000e\000r\000i\000m\000e\000n\000t\000a\000l\000\040\000D\000e\000s\000i\000g\000n\000\040\000R\000e\000c\000o\000m\000m\000e\000n\000d\000a\000t\000i\000o\000n\000s}{section.11}% 40
\BOOKMARK [3][-]{subsubsection.11.1.1}{\376\377\000S\000a\000m\000p\000l\000i\000n\000g\000\040\000S\000t\000r\000a\000t\000e\000g\000y}{subsection.11.1}% 41
\BOOKMARK [3][-]{subsubsection.11.1.2}{\376\377\000W\000h\000a\000t\000\040\000w\000e\000\040\000f\000o\000u\000n\000d\000\040\000i\000n\000\040\000o\000u\000r\000\040\000t\000e\000s\000t\000s}{subsection.11.1}% 42
\BOOKMARK [2][-]{subsection.11.2}{\376\377\000D\000a\000t\000a\000\040\000Q\000u\000a\000l\000i\000t\000y\000\040\000C\000h\000e\000c\000k\000s}{section.11}% 43
\BOOKMARK [2][-]{subsection.11.3}{\376\377\000P\000i\000c\000k\000\040\000y\000o\000u\000r\000\040\000p\000r\000i\000o\000r}{section.11}% 44
\BOOKMARK [2][-]{subsection.11.4}{\376\377\000C\000o\000m\000m\000o\000n\000\040\000q\000u\000e\000s\000t\000i\000o\000n\000s}{section.11}% 45
\BOOKMARK [1][-]{section.12}{\376\377\000L\000i\000m\000i\000t\000a\000t\000i\000o\000n\000s\000\040\000a\000n\000d\000\040\000C\000o\000n\000s\000i\000d\000e\000r\000a\000t\000i\000o\000n\000s}{}% 46
\BOOKMARK [2][-]{subsection.12.1}{\376\377\000A\000s\000s\000u\000m\000p\000t\000i\000o\000n\000s}{section.12}% 47
\BOOKMARK [2][-]{subsection.12.2}{\376\377\000P\000o\000t\000e\000n\000t\000i\000a\000l\000\040\000I\000s\000s\000u\000e\000s}{section.12}% 48
\BOOKMARK [1][-]{section.13}{\376\377\000G\000e\000t\000t\000i\000n\000g\000\040\000H\000e\000l\000p}{}% 49
\BOOKMARK [1][-]{appendix.A}{\376\377\000E\000x\000a\000m\000p\000l\000e\000\040\000u\000s\000a\000g\000e\000\040\000w\000i\000t\000h\000\040\000r\000e\000a\000l\000\040\000d\000a\000t\000a}{}% 50
\BOOKMARK [1][-]{appendix.B}{\376\377\000E\000x\000a\000m\000p\000l\000e\000\040\000O\000u\000t\000p\000u\000t}{}% 51
